<?xml version="1.0" encoding="UTF-8"?>
<!-- Generated by org.testng.reporters.JUnitXMLReporter -->
<testsuite ignored="3" hostname="DESKTOP-PDHRC70" failures="0" tests="1" name="Default test" time="3.325" errors="0" timestamp="2024-09-30T10:02:03 IST">
  <testcase classname="graphql.test.GetAllProjects" name="sample3" time="3.234"/>
  <testcase classname="graphql.test.GetAllProjects" name="update" time="0.0">
    <ignored/>
  </testcase> <!-- update -->
  <testcase classname="graphql.test.GetAllProjects" name="sample1" time="0.0">
    <ignored/>
  </testcase> <!-- sample1 -->
  <testcase classname="graphql.test.GetAllProjects" name="sample" time="0.0">
    <ignored/>
  </testcase> <!-- sample -->
</testsuite> <!-- Default test -->
