<?xml version="1.0" encoding="UTF-8"?>
<testng-results ignored="0" total="1" passed="1" failed="0" skipped="0">
  <reporter-output>
  </reporter-output>
  <suite started-at="2024-09-24T17:28:04 IST" name="Default suite" finished-at="2024-09-24T17:28:07 IST" duration-ms="3290">
    <groups>
    </groups>
    <test started-at="2024-09-24T17:28:04 IST" name="Default test" finished-at="2024-09-24T17:28:07 IST" duration-ms="3290">
      <class name="PostReqDiffTypes.PostReqUsingPOJOClass">
        <test-method signature="sample()[pri:0, instance:PostReqDiffTypes.PostReqUsingPOJOClass@351d00c0]" started-at="2024-09-24T17:28:04 IST" name="sample" finished-at="2024-09-24T17:28:07 IST" duration-ms="3217" status="PASS">
          <reporter-output>
          </reporter-output>
        </test-method> <!-- sample -->
      </class> <!-- PostReqDiffTypes.PostReqUsingPOJOClass -->
    </test> <!-- Default test -->
  </suite> <!-- Default suite -->
</testng-results>
